# JRE version: OpenJDK Runtime Environment (11.0.10) (build 11.0.10+0-b96-7249189)
# Java VM: OpenJDK 64-Bit Server VM (11.0.10+0-b96-7249189, mixed mode, tiered, compressed oops, g1 gc, windows-amd64)
Heap:
 garbage-first heap   total 328704K, used 196908K [0x0000000080000000, 0x0000000100000000)
  region size 1024K, 37 young (37888K), 5 survivors (5120K)
 Metaspace       used 149325K, capacity 154878K, committed 167552K, reserved 1196032K
  class space    used 17792K, capacity 19730K, committed 21632K, reserved 1048576K
GC Heap History (20 events):
Event: 9661.634 GC heap before
{Heap before GC invocations=399 (full 0):
 garbage-first heap   total 328704K, used 200564K [0x0000000080000000, 0x0000000100000000)
  region size 1024K, 70 young (71680K), 1 survivors (1024K)
 Metaspace       used 149210K, capacity 154618K, committed 167040K, reserved 1193984K
  class space    used 17792K, capacity 19730K, committed 21632K, reserved 1048576K
}
Event: 9661.640 GC heap after
{Heap after GC invocations=400 (full 0):
 garbage-first heap   total 328704K, used 131921K [0x0000000080000000, 0x0000000100000000)
  region size 1024K, 1 young (1024K), 1 survivors (1024K)
 Metaspace       used 149210K, capacity 154618K, committed 167040K, reserved 1193984K
  class space    used 17792K, capacity 19730K, committed 21632K, reserved 1048576K
}
Event: 9663.642 GC heap before
{Heap before GC invocations=401 (full 0):
 garbage-first heap   total 328704K, used 276305K [0x0000000080000000, 0x0000000100000000)
  region size 1024K, 132 young (135168K), 1 survivors (1024K)
 Metaspace       used 158560K, capacity 164544K, committed 167040K, reserved 1193984K
  class space    used 18939K, capacity 21061K, committed 21632K, reserved 1048576K
}
Event: 9663.671 GC heap after
{Heap after GC invocations=402 (full 0):
 garbage-first heap   total 328704K, used 150361K [0x0000000080000000, 0x0000000100000000)
  region size 1024K, 15 young (15360K), 15 survivors (15360K)
 Metaspace       used 158560K, capacity 164544K, committed 167040K, reserved 1193984K
  class space    used 18939K, capacity 21061K, committed 21632K, reserved 1048576K
}
Event: 9663.676 GC heap before
{Heap before GC invocations=402 (full 0):
 garbage-first heap   total 328704K, used 151385K [0x0000000080000000, 0x0000000100000000)
  region size 1024K, 16 young (16384K), 15 survivors (15360K)
 Metaspace       used 158561K, capacity 164544K, committed 167040K, reserved 1193984K
  class space    used 18939K, capacity 21061K, committed 21632K, reserved 1048576K
}
Event: 9663.687 GC heap after
{Heap after GC invocations=403 (full 0):
 garbage-first heap   total 328704K, used 151358K [0x0000000080000000, 0x0000000100000000)
  region size 1024K, 2 young (2048K), 2 survivors (2048K)
 Metaspace       used 158561K, capacity 164544K, committed 167040K, reserved 1193984K
  class space    used 18939K, capacity 21061K, committed 21632K, reserved 1048576K
}
Event: 9672.125 GC heap before
{Heap before GC invocations=403 (full 0):
 garbage-first heap   total 328704K, used 265022K [0x0000000080000000, 0x0000000100000000)
  region size 1024K, 114 young (116736K), 2 survivors (2048K)
 Metaspace       used 160970K, capacity 167212K, committed 167552K, reserved 1196032K
  class space    used 19327K, capacity 21544K, committed 21632K, reserved 1048576K
}
Event: 9672.132 GC heap after
{Heap after GC invocations=404 (full 0):
 garbage-first heap   total 328704K, used 149797K [0x0000000080000000, 0x0000000100000000)
  region size 1024K, 2 young (2048K), 2 survivors (2048K)
 Metaspace       used 160970K, capacity 167212K, committed 167552K, reserved 1196032K
  class space    used 19327K, capacity 21544K, committed 21632K, reserved 1048576K
}
Event: 9672.901 GC heap before
{Heap before GC invocations=405 (full 0):
 garbage-first heap   total 328704K, used 277797K [0x0000000080000000, 0x0000000100000000)
  region size 1024K, 120 young (122880K), 2 survivors (2048K)
 Metaspace       used 160999K, capacity 167283K, committed 167552K, reserved 1196032K
  class space    used 19327K, capacity 21546K, committed 21632K, reserved 1048576K
}
Event: 9672.908 GC heap after
{Heap after GC invocations=406 (full 0):
 garbage-first heap   total 328704K, used 160497K [0x0000000080000000, 0x0000000100000000)
  region size 1024K, 9 young (9216K), 9 survivors (9216K)
 Metaspace       used 160999K, capacity 167283K, committed 167552K, reserved 1196032K
  class space    used 19327K, capacity 21546K, committed 21632K, reserved 1048576K
}
Event: 9672.915 GC heap before
{Heap before GC invocations=406 (full 0):
 garbage-first heap   total 328704K, used 166641K [0x0000000080000000, 0x0000000100000000)
  region size 1024K, 16 young (16384K), 9 survivors (9216K)
 Metaspace       used 160999K, capacity 167283K, committed 167552K, reserved 1196032K
  class space    used 19327K, capacity 21546K, committed 21632K, reserved 1048576K
}
Event: 9672.927 GC heap after
{Heap after GC invocations=407 (full 0):
 garbage-first heap   total 328704K, used 151427K [0x0000000080000000, 0x0000000100000000)
  region size 1024K, 2 young (2048K), 2 survivors (2048K)
 Metaspace       used 160999K, capacity 167283K, committed 167552K, reserved 1196032K
  class space    used 19327K, capacity 21546K, committed 21632K, reserved 1048576K
}
Event: 9673.141 GC heap before
{Heap before GC invocations=407 (full 0):
 garbage-first heap   total 328704K, used 249731K [0x0000000080000000, 0x0000000100000000)
  region size 1024K, 100 young (102400K), 2 survivors (2048K)
 Metaspace       used 160999K, capacity 167283K, committed 167552K, reserved 1196032K
  class space    used 19327K, capacity 21546K, committed 21632K, reserved 1048576K
}
Event: 9673.153 GC heap after
{Heap after GC invocations=408 (full 0):
 garbage-first heap   total 328704K, used 159889K [0x0000000080000000, 0x0000000100000000)
  region size 1024K, 11 young (11264K), 11 survivors (11264K)
 Metaspace       used 160999K, capacity 167283K, committed 167552K, reserved 1196032K
  class space    used 19327K, capacity 21546K, committed 21632K, reserved 1048576K
}
Event: 9861.042 GC heap before
{Heap before GC invocations=409 (full 0):
 garbage-first heap   total 328704K, used 284817K [0x0000000080000000, 0x0000000100000000)
  region size 1024K, 114 young (116736K), 11 survivors (11264K)
 Metaspace       used 149272K, capacity 154750K, committed 167552K, reserved 1196032K
  class space    used 17792K, capacity 19730K, committed 21632K, reserved 1048576K
}
Event: 9861.065 GC heap after
{Heap after GC invocations=410 (full 0):
 garbage-first heap   total 328704K, used 149362K [0x0000000080000000, 0x0000000100000000)
  region size 1024K, 4 young (4096K), 4 survivors (4096K)
 Metaspace       used 149272K, capacity 154750K, committed 167552K, reserved 1196032K
  class space    used 17792K, capacity 19730K, committed 21632K, reserved 1048576K
}
Event: 9861.213 GC heap before
{Heap before GC invocations=410 (full 0):
 garbage-first heap   total 328704K, used 160626K [0x0000000080000000, 0x0000000100000000)
  region size 1024K, 16 young (16384K), 4 survivors (4096K)
 Metaspace       used 149293K, capacity 154750K, committed 167552K, reserved 1196032K
  class space    used 17792K, capacity 19730K, committed 21632K, reserved 1048576K
}
Event: 9861.230 GC heap after
{Heap after GC invocations=411 (full 0):
 garbage-first heap   total 328704K, used 144707K [0x0000000080000000, 0x0000000100000000)
  region size 1024K, 2 young (2048K), 2 survivors (2048K)
 Metaspace       used 149293K, capacity 154750K, committed 167552K, reserved 1196032K
  class space    used 17792K, capacity 19730K, committed 21632K, reserved 1048576K
}
Event: 9861.404 GC heap before
{Heap before GC invocations=411 (full 0):
 garbage-first heap   total 328704K, used 172355K [0x0000000080000000, 0x0000000100000000)
  region size 1024K, 30 young (30720K), 2 survivors (2048K)
 Metaspace       used 149321K, capacity 154814K, committed 167552K, reserved 1196032K
  class space    used 17792K, capacity 19730K, committed 21632K, reserved 1048576K
}
Event: 9861.426 GC heap after
{Heap after GC invocations=412 (full 0):
 garbage-first heap   total 328704K, used 147756K [0x0000000080000000, 0x0000000100000000)
  region size 1024K, 5 young (5120K), 5 survivors (5120K)
 Metaspace       used 149321K, capacity 154814K, committed 167552K, reserved 1196032K
  class space    used 17792K, capacity 19730K, committed 21632K, reserved 1048576K
}

